<?xml version="1.0" encoding="UTF-8"?>
<!-- Generated by org.testng.reporters.JUnitReportReporter -->
<testsuite skipped="0" hostname="Mohammads-MacBook-Pro.local" name="com.ups.test.UpsTrackingPageTest" tests="1" failures="0" timestamp="2022-06-25T17:40:39 EDT" time="2.084" errors="0">
  <testcase name="validateUpsTrackingErrorMsg_1" time="2.084" classname="com.ups.test.UpsTrackingPageTest"/>
  <system-out/>
</testsuite> <!-- com.ups.test.UpsTrackingPageTest -->
