<?xml version="1.0" encoding="UTF-8"?>
<!-- Generated by org.testng.reporters.JUnitReportReporter -->
<testsuite skipped="0" hostname="Automata" name="com.ups.test.UpsTrackingPageTest" tests="3" failures="0" timestamp="2022-06-18T17:30:41 EDT" time="1.374" errors="0">
  <testcase name="testCase_1" time="0.034" classname="com.ups.test.UpsTrackingPageTest"/>
  <system-out/>
  <testcase name="testCase_2" time="0.002" classname="com.ups.test.UpsTrackingPageTest"/>
  <system-out/>
  <testcase name="validateUpsTrackingErrorMsg_1" time="1.338" classname="com.ups.test.UpsTrackingPageTest"/>
  <system-out/>
</testsuite> <!-- com.ups.test.UpsTrackingPageTest -->
