<?xml version="1.0" encoding="UTF-8"?>
<!-- Generated by org.testng.reporters.JUnitReportReporter -->
<testsuite skipped="0" hostname="Mohammads-MacBook-Pro.local" name="com.ups.test.UpsLoginPageTest" tests="2" failures="0" timestamp="2022-06-25T18:06:33 EDT" time="10.985" errors="0">
  <testcase name="upsLoginTestWrongUserId" time="6.415" classname="com.ups.test.UpsLoginPageTest"/>
  <system-out/>
  <testcase name="upsLoginTestWrongUserId" time="4.570" classname="com.ups.test.UpsLoginPageTest"/>
  <system-out/>
</testsuite> <!-- com.ups.test.UpsLoginPageTest -->
