<?xml version="1.0" encoding="UTF-8"?>
<!-- Generated by org.testng.reporters.JUnitReportReporter -->
<testsuite skipped="0" hostname="Automata" name="com.ups.test.TestClass" tests="1" failures="0" timestamp="2022-06-18T17:30:41 EDT" time="0.001" errors="0">
  <testcase name="test" time="0.001" classname="com.ups.test.TestClass"/>
  <system-out/>
</testsuite> <!-- com.ups.test.TestClass -->
